RunScript("/opt/dymola-2018FD01-x86_64/insert/dymola.mos", true);
 = true
Warning: Undeclared variable or command: Advanced.AutoFormatting
Warning: Undeclared variable or command: Advanced.FMI.FMUFMIType
Warning: Undeclared variable or command: Advanced.FMI.FMUFMIVersion
Successfully loaded settings file /home/mwetter/.dassaultsystemes/dymola/setup.dymx
RunScript("./run.mos");

// File autogenerated by _get_dymola_commands
// Do not edit.
//cd("/tmp/tmp-simulator-mwetter-y2VY1r/VAVMultiZone");
Modelica.Utilities.Files.remove("simulator.log");
openModel("package.mo");
 = true
OutputCPUtime:=true;
OutputCPUtime:= true;
Advanced.ParallelizeCode = false;
modelInstance="Buildings.Examples.VAVReheat.Guideline36()";
Declaring variable: String modelInstance ;

simulateModel(modelInstance, startTime=16416000, stopTime=17625600, method="Cvode", tolerance=1e-05, resultFile="Guideline36");
 = true
savelog("simulator.log");