RunScript("/opt/dymola-2018FD01-x86_64/insert/dymola.mos", true);
 = true
Warning: Undeclared variable or command: Advanced.AutoFormatting
Warning: Undeclared variable or command: Advanced.FMI.FMUFMIType
Warning: Undeclared variable or command: Advanced.FMI.FMUFMIVersion
Successfully loaded settings file /home/mwetter/.dassaultsystemes/dymola/setup.dymx
RunScript("./run.mos");

// File autogenerated by _get_dymola_commands
// Do not edit.
//cd("/tmp/tmp-simulator-mwetter-lHI7s5/VAVMultiZone");
Modelica.Utilities.Files.remove("simulator.log");
openModel("package.mo");
 = true
OutputCPUtime:=true;
OutputCPUtime:= true;
Advanced.ParallelizeCode = false;
modelInstance="VAVMultiZone.Example.FreezeProtection(conAHU.use_TMix=false)";
Declaring variable: String modelInstance ;

simulateModel(modelInstance, startTime=0, stopTime=1209600, method="Cvode", tolerance=1e-05, resultFile="FreezeProtection");
-------------------------------------------------
Dymola Library Conversion
Convert VAVMultiZone to newer versions of used libraries?
Translation interrupted since it is necessary to convert libraries.
After conversion the translation will be re-done.
Conversion  To Library       Version       From
modelica://Buildings/Resources/Scripts/Dymola/ConvertBuildings_from_4.0_to_5.0.mos (on)  Buildings        5.0.2  5.0.0
 = Cancel
-------------------------------------------------
 = false
savelog("simulator.log");