RunScript("/opt/dymola-2018FD01-x86_64/insert/dymola.mos", true);
 = true
Warning: Undeclared variable or command: Advanced.AutoFormatting
Warning: Undeclared variable or command: Advanced.FMI.FMUFMIType
Warning: Undeclared variable or command: Advanced.FMI.FMUFMIVersion
Successfully loaded settings file /home/mwetter/.dassaultsystemes/dymola/setup.dymx
RunScript("./run.mos");

// File autogenerated by _get_dymola_commands
// Do not edit.
//cd("/tmp/tmp-simulator-mwetter-wEtsn8/VAVMultiZone");
Modelica.Utilities.Files.remove("simulator.log");
openModel("package.mo");
 = true
OutputCPUtime:=true;
OutputCPUtime:= true;
Advanced.ParallelizeCode = false;
modelInstance="Buildings.Examples.VAVReheat.ASHRAE2006()";
Declaring variable: String modelInstance ;

simulateModel(modelInstance, startTime=6912000, stopTime=8121600, method="Cvode", tolerance=1e-05, resultFile="ASHRAE2006");
 = true
savelog("simulator.log");